-------------------------------------------------------------------------------
Test set: ec.edu.espe.AirporTaxiScheduling.controller.AccountingControllerTest
-------------------------------------------------------------------------------
Tests run: 2, Failures: 2, Errors: 0, Skipped: 0, Time elapsed: 0.004 sec <<< FAILURE!
ec.edu.espe.AirporTaxiScheduling.controller.AccountingControllerTest.testCalculateLostPercent()  Time elapsed: 0.004 sec  <<< FAILURE!
org.opentest4j.AssertionFailedError: The test case is a prototype.
	at org.junit.jupiter.api.AssertionUtils.fail(AssertionUtils.java:39)
	at org.junit.jupiter.api.Assertions.fail(Assertions.java:109)
	at ec.edu.espe.AirporTaxiScheduling.controller.AccountingControllerTest.testCalculateLostPercent(AccountingControllerTest.java:49)

ec.edu.espe.AirporTaxiScheduling.controller.AccountingControllerTest.testCalculateTotal()  Time elapsed: 0 sec  <<< FAILURE!
java.lang.NullPointerException: Cannot invoke "java.util.ArrayList.size()" because "values" is null
	at ec.edu.espe.AirporTaxiScheduling.controller.AccountingController.calculateTotal(AccountingController.java:22)
	at ec.edu.espe.AirporTaxiScheduling.controller.AccountingControllerTest.testCalculateTotal(AccountingControllerTest.java:60)

