<?xml version="1.0" encoding="UTF-8" ?>
<testsuite tests="1" failures="1" name="ec.edu.espe.AirporTaxiScheduling.controller.TravelerdbControllerTest" time="1.937" errors="0" skipped="0">
  <properties>
[...]
</properties>
  <testcase classname="ec.edu.espe.AirporTaxiScheduling.controller.TravelerdbControllerTest" name="testFindDocumentdb" time="1.937">
    <failure message="expected: ec.edu.espe.AirporTaxiScheduling.model.Traveler&lt;Traveler{id=2Person{name=Justin Villarroel, phoneNumber=996459938, mail=justinv2023@hotmail.com}, outstandingBalance=72.4, birthdayDay=6, birthdayMonth=9, year=2003}&gt; but was: ec.edu.espe.AirporTaxiScheduling.model.Traveler&lt;Traveler{id=2Person{name=Justin Villarroel, phoneNumber=996459938, mail=justinv2023@hotmail.com}, outstandingBalance=72.4, birthdayDay=6, birthdayMonth=9, year=2003}&gt;" type="java.lang.AssertionError">java.lang.AssertionError: expected: ec.edu.espe.AirporTaxiScheduling.model.Traveler&lt;Traveler{id=2Person{name=Justin Villarroel, phoneNumber=996459938, mail=justinv2023@hotmail.com}, outstandingBalance=72.4, birthdayDay=6, birthdayMonth=9, year=2003}&gt; but was: ec.edu.espe.AirporTaxiScheduling.model.Traveler&lt;Traveler{id=2Person{name=Justin Villarroel, phoneNumber=996459938, mail=justinv2023@hotmail.com}, outstandingBalance=72.4, birthdayDay=6, birthdayMonth=9, year=2003}&gt;
	at org.junit.Assert.fail(Assert.java:88)
	at org.junit.Assert.failNotEquals(Assert.java:834)
	at org.junit.Assert.assertEquals(Assert.java:118)
	at org.junit.Assert.assertEquals(Assert.java:144)
	at ec.edu.espe.AirporTaxiScheduling.controller.TravelerdbControllerTest.testFindDocumentdb(TravelerdbControllerTest.java:58)
	at java.base/jdk.internal.reflect.DirectMethodHandleAccessor.invoke(DirectMethodHandleAccessor.java:104)
	at java.base/java.lang.reflect.Method.invoke(Method.java:578)
	at org.junit.runners.model.FrameworkMethod$1.runReflectiveCall(FrameworkMethod.java:50)
	at org.junit.internal.runners.model.ReflectiveCallable.run(ReflectiveCallable.java:12)
	at org.junit.runners.model.FrameworkMethod.invokeExplosively(FrameworkMethod.java:47)
	at org.junit.internal.runners.statements.InvokeMethod.evaluate(InvokeMethod.java:17)
	at org.junit.internal.runners.statements.RunBefores.evaluate(RunBefores.java:26)
	at org.junit.internal.runners.statements.RunAfters.evaluate(RunAfters.java:27)
	at org.junit.runners.ParentRunner.runLeaf(ParentRunner.java:325)
	at org.junit.runners.BlockJUnit4ClassRunner.runChild(BlockJUnit4ClassRunner.java:78)
	at org.junit.runners.BlockJUnit4ClassRunner.runChild(BlockJUnit4ClassRunner.java:57)
	at org.junit.runners.ParentRunner$3.run(ParentRunner.java:290)
	at org.junit.runners.ParentRunner$1.schedule(ParentRunner.java:71)
	at org.junit.runners.ParentRunner.runChildren(ParentRunner.java:288)
	at org.junit.runners.ParentRunner.access$000(ParentRunner.java:58)
	at org.junit.runners.ParentRunner$2.evaluate(ParentRunner.java:268)
	at org.junit.internal.runners.statements.RunBefores.evaluate(RunBefores.java:26)
	at org.junit.internal.runners.statements.RunAfters.evaluate(RunAfters.java:27)
	at org.junit.runners.ParentRunner.run(ParentRunner.java:363)
	at org.apache.maven.surefire.junit4.JUnit4Provider.execute(JUnit4Provider.java:252)
	at org.apache.maven.surefire.junit4.JUnit4Provider.executeTestSet(JUnit4Provider.java:141)
	at org.apache.maven.surefire.junit4.JUnit4Provider.invoke(JUnit4Provider.java:112)
	at java.base/jdk.internal.reflect.DirectMethodHandleAccessor.invoke(DirectMethodHandleAccessor.java:104)
	at java.base/java.lang.reflect.Method.invoke(Method.java:578)
	at org.apache.maven.surefire.util.ReflectionUtils.invokeMethodWithArray(ReflectionUtils.java:189)
	at org.apache.maven.surefire.booter.ProviderFactory$ProviderProxy.invoke(ProviderFactory.java:165)
	at org.apache.maven.surefire.booter.ProviderFactory.invokeProvider(ProviderFactory.java:85)
	at org.apache.maven.surefire.booter.ForkedBooter.runSuitesInProcess(ForkedBooter.java:115)
	at org.apache.maven.surefire.booter.ForkedBooter.main(ForkedBooter.java:75)
</failure>
    <system-out>findDocumentdb
</system-out>
    <system-err>[main] INFO org.mongodb.driver.cluster - Cluster created with settings {hosts=[127.0.0.1:27017], srvHost=espe2210-oopsw7996.77wv341.mongodb.net, mode=MULTIPLE, requiredClusterType=REPLICA_SET, serverSelectionTimeout=&apos;30000 ms&apos;, requiredReplicaSetName=&apos;atlas-zcwr2z-shard-0&apos;}
[cluster-ClusterId{value=&apos;63fee3ee261ee80280126d3f&apos;, description=&apos;null&apos;}-srv-espe2210-oopsw7996.77wv341.mongodb.net] INFO org.mongodb.driver.cluster - Adding discovered server ac-uq6okei-shard-00-02.77wv341.mongodb.net:27017 to client view of cluster
[cluster-ClusterId{value=&apos;63fee3ee261ee80280126d3f&apos;, description=&apos;null&apos;}-srv-espe2210-oopsw7996.77wv341.mongodb.net] INFO org.mongodb.driver.cluster - Adding discovered server ac-uq6okei-shard-00-00.77wv341.mongodb.net:27017 to client view of cluster
[main] INFO org.mongodb.driver.cluster - Cluster description not yet available. Waiting for 30000 ms before timing out
[cluster-ClusterId{value=&apos;63fee3ee261ee80280126d3f&apos;, description=&apos;null&apos;}-srv-espe2210-oopsw7996.77wv341.mongodb.net] INFO org.mongodb.driver.cluster - Adding discovered server ac-uq6okei-shard-00-01.77wv341.mongodb.net:27017 to client view of cluster
[main] INFO org.mongodb.driver.cluster - No server chosen by com.mongodb.client.internal.MongoClientDelegate$1@5c90e579 from cluster description ClusterDescription{type=REPLICA_SET, connectionMode=MULTIPLE, serverDescriptions=[ServerDescription{address=ac-uq6okei-shard-00-02.77wv341.mongodb.net:27017, type=UNKNOWN, state=CONNECTING}, ServerDescription{address=ac-uq6okei-shard-00-00.77wv341.mongodb.net:27017, type=UNKNOWN, state=CONNECTING}, ServerDescription{address=ac-uq6okei-shard-00-01.77wv341.mongodb.net:27017, type=UNKNOWN, state=CONNECTING}]}. Waiting for 30000 ms before timing out
[cluster-rtt-ClusterId{value=&apos;63fee3ee261ee80280126d3f&apos;, description=&apos;null&apos;}-ac-uq6okei-shard-00-01.77wv341.mongodb.net:27017] INFO org.mongodb.driver.connection - Opened connection [connectionId{localValue:4, serverValue:57114}] to ac-uq6okei-shard-00-01.77wv341.mongodb.net:27017
[cluster-ClusterId{value=&apos;63fee3ee261ee80280126d3f&apos;, description=&apos;null&apos;}-ac-uq6okei-shard-00-01.77wv341.mongodb.net:27017] INFO org.mongodb.driver.connection - Opened connection [connectionId{localValue:5, serverValue:57114}] to ac-uq6okei-shard-00-01.77wv341.mongodb.net:27017
[cluster-rtt-ClusterId{value=&apos;63fee3ee261ee80280126d3f&apos;, description=&apos;null&apos;}-ac-uq6okei-shard-00-02.77wv341.mongodb.net:27017] INFO org.mongodb.driver.connection - Opened connection [connectionId{localValue:6, serverValue:54314}] to ac-uq6okei-shard-00-02.77wv341.mongodb.net:27017
[cluster-rtt-ClusterId{value=&apos;63fee3ee261ee80280126d3f&apos;, description=&apos;null&apos;}-ac-uq6okei-shard-00-00.77wv341.mongodb.net:27017] INFO org.mongodb.driver.connection - Opened connection [connectionId{localValue:3, serverValue:54648}] to ac-uq6okei-shard-00-00.77wv341.mongodb.net:27017
[cluster-ClusterId{value=&apos;63fee3ee261ee80280126d3f&apos;, description=&apos;null&apos;}-ac-uq6okei-shard-00-00.77wv341.mongodb.net:27017] INFO org.mongodb.driver.connection - Opened connection [connectionId{localValue:2, serverValue:54648}] to ac-uq6okei-shard-00-00.77wv341.mongodb.net:27017
[cluster-ClusterId{value=&apos;63fee3ee261ee80280126d3f&apos;, description=&apos;null&apos;}-ac-uq6okei-shard-00-02.77wv341.mongodb.net:27017] INFO org.mongodb.driver.connection - Opened connection [connectionId{localValue:1, serverValue:54315}] to ac-uq6okei-shard-00-02.77wv341.mongodb.net:27017
[cluster-ClusterId{value=&apos;63fee3ee261ee80280126d3f&apos;, description=&apos;null&apos;}-ac-uq6okei-shard-00-01.77wv341.mongodb.net:27017] INFO org.mongodb.driver.cluster - Monitor thread successfully connected to server with description ServerDescription{address=ac-uq6okei-shard-00-01.77wv341.mongodb.net:27017, type=REPLICA_SET_PRIMARY, state=CONNECTED, ok=true, minWireVersion=0, maxWireVersion=13, maxDocumentSize=16777216, logicalSessionTimeoutMinutes=30, roundTripTimeNanos=425661000, setName=&apos;atlas-zcwr2z-shard-0&apos;, canonicalAddress=ac-uq6okei-shard-00-01.77wv341.mongodb.net:27017, hosts=[ac-uq6okei-shard-00-02.77wv341.mongodb.net:27017, ac-uq6okei-shard-00-01.77wv341.mongodb.net:27017, ac-uq6okei-shard-00-00.77wv341.mongodb.net:27017], passives=[], arbiters=[], primary=&apos;ac-uq6okei-shard-00-01.77wv341.mongodb.net:27017&apos;, tagSet=TagSet{[Tag{name=&apos;nodeType&apos;, value=&apos;ELECTABLE&apos;}, Tag{name=&apos;provider&apos;, value=&apos;AWS&apos;}, Tag{name=&apos;region&apos;, value=&apos;US_EAST_1&apos;}, Tag{name=&apos;workloadType&apos;, value=&apos;OPERATIONAL&apos;}]}, electionId=7fffffff000000000000009b, setVersion=10, topologyVersion=TopologyVersion{processId=63fd0ca02b1a5fe01df3e5a8, counter=6}, lastWriteDate=Wed Mar 01 00:34:39 COT 2023, lastUpdateTimeNanos=946752896246200}
[cluster-ClusterId{value=&apos;63fee3ee261ee80280126d3f&apos;, description=&apos;null&apos;}-ac-uq6okei-shard-00-02.77wv341.mongodb.net:27017] INFO org.mongodb.driver.cluster - Monitor thread successfully connected to server with description ServerDescription{address=ac-uq6okei-shard-00-02.77wv341.mongodb.net:27017, type=REPLICA_SET_SECONDARY, state=CONNECTED, ok=true, minWireVersion=0, maxWireVersion=13, maxDocumentSize=16777216, logicalSessionTimeoutMinutes=30, roundTripTimeNanos=424946800, setName=&apos;atlas-zcwr2z-shard-0&apos;, canonicalAddress=ac-uq6okei-shard-00-02.77wv341.mongodb.net:27017, hosts=[ac-uq6okei-shard-00-02.77wv341.mongodb.net:27017, ac-uq6okei-shard-00-01.77wv341.mongodb.net:27017, ac-uq6okei-shard-00-00.77wv341.mongodb.net:27017], passives=[], arbiters=[], primary=&apos;ac-uq6okei-shard-00-01.77wv341.mongodb.net:27017&apos;, tagSet=TagSet{[Tag{name=&apos;nodeType&apos;, value=&apos;ELECTABLE&apos;}, Tag{name=&apos;provider&apos;, value=&apos;AWS&apos;}, Tag{name=&apos;region&apos;, value=&apos;US_EAST_1&apos;}, Tag{name=&apos;workloadType&apos;, value=&apos;OPERATIONAL&apos;}]}, electionId=null, setVersion=10, topologyVersion=TopologyVersion{processId=63fd0cfe6952d6382044ca04, counter=3}, lastWriteDate=Wed Mar 01 00:34:39 COT 2023, lastUpdateTimeNanos=946752896246200}
[cluster-ClusterId{value=&apos;63fee3ee261ee80280126d3f&apos;, description=&apos;null&apos;}-ac-uq6okei-shard-00-00.77wv341.mongodb.net:27017] INFO org.mongodb.driver.cluster - Monitor thread successfully connected to server with description ServerDescription{address=ac-uq6okei-shard-00-00.77wv341.mongodb.net:27017, type=REPLICA_SET_SECONDARY, state=CONNECTED, ok=true, minWireVersion=0, maxWireVersion=13, maxDocumentSize=16777216, logicalSessionTimeoutMinutes=30, roundTripTimeNanos=424833300, setName=&apos;atlas-zcwr2z-shard-0&apos;, canonicalAddress=ac-uq6okei-shard-00-00.77wv341.mongodb.net:27017, hosts=[ac-uq6okei-shard-00-02.77wv341.mongodb.net:27017, ac-uq6okei-shard-00-01.77wv341.mongodb.net:27017, ac-uq6okei-shard-00-00.77wv341.mongodb.net:27017], passives=[], arbiters=[], primary=&apos;ac-uq6okei-shard-00-01.77wv341.mongodb.net:27017&apos;, tagSet=TagSet{[Tag{name=&apos;nodeType&apos;, value=&apos;ELECTABLE&apos;}, Tag{name=&apos;provider&apos;, value=&apos;AWS&apos;}, Tag{name=&apos;region&apos;, value=&apos;US_EAST_1&apos;}, Tag{name=&apos;workloadType&apos;, value=&apos;OPERATIONAL&apos;}]}, electionId=null, setVersion=10, topologyVersion=TopologyVersion{processId=63fd0c410ca88cca811ed3c1, counter=4}, lastWriteDate=Wed Mar 01 00:34:39 COT 2023, lastUpdateTimeNanos=946752896246300}
[cluster-ClusterId{value=&apos;63fee3ee261ee80280126d3f&apos;, description=&apos;null&apos;}-ac-uq6okei-shard-00-01.77wv341.mongodb.net:27017] INFO org.mongodb.driver.cluster - Setting max election id to 7fffffff000000000000009b from replica set primary ac-uq6okei-shard-00-01.77wv341.mongodb.net:27017
[cluster-ClusterId{value=&apos;63fee3ee261ee80280126d3f&apos;, description=&apos;null&apos;}-ac-uq6okei-shard-00-01.77wv341.mongodb.net:27017] INFO org.mongodb.driver.cluster - Setting max set version to 10 from replica set primary ac-uq6okei-shard-00-01.77wv341.mongodb.net:27017
[cluster-ClusterId{value=&apos;63fee3ee261ee80280126d3f&apos;, description=&apos;null&apos;}-ac-uq6okei-shard-00-01.77wv341.mongodb.net:27017] INFO org.mongodb.driver.cluster - Discovered replica set primary ac-uq6okei-shard-00-01.77wv341.mongodb.net:27017
[main] INFO org.mongodb.driver.connection - Opened connection [connectionId{localValue:7, serverValue:57085}] to ac-uq6okei-shard-00-01.77wv341.mongodb.net:27017
</system-err>
  </testcase>
</testsuite>